* using log directory 'C:/Source/Repos/AdvancedR_project/iskanalytics.Rcheck'
* using R version 4.2.1 (2022-06-23 ucrt)
* using platform: x86_64-w64-mingw32 (64-bit)
* using session charset: UTF-8
* using options '--no-manual --as-cran'
* checking for file 'iskanalytics/DESCRIPTION' ... OK
* checking extension type ... Package
* this is package 'iskanalytics' version '0.1.0'
* package encoding: UTF-8
* checking package namespace information ... OK
* checking package dependencies ... OK
* checking if this is a source package ... OK
* checking if there is a namespace ... OK
* checking for executable files ... OK
* checking for hidden files and directories ... OK
* checking for portable file names ... OK
* checking serialization versions ... OK
* checking whether package 'iskanalytics' can be installed ... OK
* checking installed package size ... OK
* checking package directory ... OK
* checking for future file timestamps ... OK
* checking DESCRIPTION meta-information ... NOTE
Niestandardowa specyfikacja licencji:
  What license is it under?
Standaryzowalne: FALSE
* checking top-level files ... OK
* checking for left-over files ... OK
* checking index information ... OK
* checking package subdirectories ... OK
* checking R files for non-ASCII characters ... OK
* checking R files for syntax errors ... OK
* checking whether the package can be loaded ... OK
* checking whether the package can be loaded with stated dependencies ... OK
* checking whether the package can be unloaded cleanly ... OK
* checking whether the namespace can be loaded with stated dependencies ... OK
* checking whether the namespace can be unloaded cleanly ... OK
* checking loading without being on the library search path ... OK
* checking dependencies in R code ... OK
* checking S3 generic/method consistency ... OK
* checking replacement functions ... OK
* checking foreign function calls ... OK
* checking R code for possible problems ... NOTE
countMissingValues: no visible global function definition for '%>%'
getUniqueNumValues: no visible global function definition for '%>%'
getUniqueNumValues : <anonymous>: no visible global function definition
  for '%>%'
medianImput: no visible global function definition for 'median'
variablesNames: no visible global function definition for '%>%'
Undefined global functions or variables:
  %>% median
Consider adding
  importFrom("stats", "median")
to your NAMESPACE file.
* checking Rd files ... WARNING
prepare_Rd: countMissingValues.Rd:19-21: Dropping empty section \details
prepare_Rd: countMissingValues.Rd:22-28: Dropping empty section \value
prepare_Rd: countMissingValues.Rd:35-37: Dropping empty section \note
prepare_Rd: countMissingValues.Rd:32-34: Dropping empty section \author
prepare_Rd: countMissingValues.Rd:29-31: Dropping empty section \references
prepare_Rd: countMissingValues.Rd:41-43: Dropping empty section \seealso
prepare_Rd: factorCatVars.Rd:19-21: Dropping empty section \details
prepare_Rd: factorCatVars.Rd:22-28: Dropping empty section \value
prepare_Rd: factorCatVars.Rd:35-37: Dropping empty section \note
prepare_Rd: factorCatVars.Rd:32-34: Dropping empty section \author
prepare_Rd: factorCatVars.Rd:29-31: Dropping empty section \references
prepare_Rd: factorCatVars.Rd:41-43: Dropping empty section \seealso
prepare_Rd: getUniqueNumValues.Rd:19-21: Dropping empty section \details
prepare_Rd: getUniqueNumValues.Rd:22-28: Dropping empty section \value
prepare_Rd: getUniqueNumValues.Rd:35-37: Dropping empty section \note
prepare_Rd: getUniqueNumValues.Rd:32-34: Dropping empty section \author
prepare_Rd: getUniqueNumValues.Rd:29-31: Dropping empty section \references
prepare_Rd: getUniqueNumValues.Rd:41-43: Dropping empty section \seealso
prepare_Rd: błędne oznakowanie (dodatkowa spacja?) w getVarLevels.Rd:17:17
prepare_Rd: getVarLevels.Rd:19-21: Dropping empty section \details
prepare_Rd: getVarLevels.Rd:22-28: Dropping empty section \value
prepare_Rd: getVarLevels.Rd:35-37: Dropping empty section \note
prepare_Rd: getVarLevels.Rd:32-34: Dropping empty section \author
prepare_Rd: getVarLevels.Rd:29-31: Dropping empty section \references
prepare_Rd: getVarLevels.Rd:41-43: Dropping empty section \seealso
prepare_Rd: getmode.Rd:19-21: Dropping empty section \details
prepare_Rd: getmode.Rd:22-28: Dropping empty section \value
prepare_Rd: getmode.Rd:35-37: Dropping empty section \note
prepare_Rd: getmode.Rd:32-34: Dropping empty section \author
prepare_Rd: getmode.Rd:29-31: Dropping empty section \references
prepare_Rd: getmode.Rd:41-43: Dropping empty section \seealso
prepare_Rd: błędne oznakowanie (dodatkowa spacja?) w medianImput.Rd:17:18
prepare_Rd: medianImput.Rd:19-21: Dropping empty section \details
prepare_Rd: medianImput.Rd:22-28: Dropping empty section \value
prepare_Rd: medianImput.Rd:35-37: Dropping empty section \note
prepare_Rd: medianImput.Rd:32-34: Dropping empty section \author
prepare_Rd: medianImput.Rd:29-31: Dropping empty section \references
prepare_Rd: medianImput.Rd:41-43: Dropping empty section \seealso
prepare_Rd: błędne oznakowanie (dodatkowa spacja?) w modeImput.Rd:17:18
prepare_Rd: modeImput.Rd:19-21: Dropping empty section \details
prepare_Rd: modeImput.Rd:22-28: Dropping empty section \value
prepare_Rd: modeImput.Rd:35-37: Dropping empty section \note
prepare_Rd: modeImput.Rd:32-34: Dropping empty section \author
prepare_Rd: modeImput.Rd:29-31: Dropping empty section \references
prepare_Rd: modeImput.Rd:41-43: Dropping empty section \seealso
prepare_Rd: ./man/variablesNames.Rd:17: unknown macro '\itemP'
prepare_Rd: variablesNames.Rd:19-21: Dropping empty section \details
prepare_Rd: variablesNames.Rd:22-28: Dropping empty section \value
prepare_Rd: variablesNames.Rd:35-37: Dropping empty section \note
prepare_Rd: variablesNames.Rd:32-34: Dropping empty section \author
prepare_Rd: variablesNames.Rd:29-31: Dropping empty section \references
prepare_Rd: variablesNames.Rd:41-43: Dropping empty section \seealso
* checking Rd metadata ... OK
* checking Rd line widths ... OK
* checking Rd cross-references ... OK
* checking for missing documentation entries ... OK
* checking for code/documentation mismatches ... OK
* checking Rd \usage sections ... WARNING
Nieudokumentowane argumenty w obiekcie dokumentacji 'variablesNames'
  'varType'

Functions with \usage entries need to have the appropriate \alias
entries, and all their arguments documented.
The \usage entries must correspond to syntactically valid R code.
See chapter 'Writing R documentation files' in the 'Writing R
Extensions' manual.
* checking Rd contents ... OK
* checking for unstated dependencies in examples ... OK
* checking examples ... OK
* checking for non-standard things in the check directory ... OK
* checking for detritus in the temp directory ... OK
* DONE
Status: 2 WARNINGs, 2 NOTEs
